  glad.c
  main.cpp
c:\users\mike\downloads\hw1_vs2017_framework\hw1_vs2017_framework\openglframework-vs2017\main.cpp(231): warning C4244: '引數': 將 'double' 轉換為 'float'，由於類型不同，可能導致資料遺失
c:\users\mike\downloads\hw1_vs2017_framework\hw1_vs2017_framework\openglframework-vs2017\main.cpp(230): warning C4244: '引數': 將 'double' 轉換為 'float'，由於類型不同，可能導致資料遺失
c:\users\mike\downloads\hw1_vs2017_framework\hw1_vs2017_framework\openglframework-vs2017\main.cpp(229): warning C4244: '引數': 將 'double' 轉換為 'float'，由於類型不同，可能導致資料遺失
c:\users\mike\downloads\hw1_vs2017_framework\hw1_vs2017_framework\openglframework-vs2017\main.cpp(251): warning C4244: '引數': 將 'double' 轉換為 'float'，由於類型不同，可能導致資料遺失
c:\users\mike\downloads\hw1_vs2017_framework\hw1_vs2017_framework\openglframework-vs2017\main.cpp(261): warning C4244: '=': 將 'int' 轉換為 'GLfloat'，由於類型不同，可能導致資料遺失
c:\users\mike\downloads\hw1_vs2017_framework\hw1_vs2017_framework\openglframework-vs2017\main.cpp(271): warning C4305: '正在初始化': 從 'double' 轉換為 'GLfloat'，是由較大的類型轉換為較小的類型，可能導致資料遺失
c:\users\mike\downloads\hw1_vs2017_framework\hw1_vs2017_framework\openglframework-vs2017\main.cpp(278): warning C4305: '正在初始化': 從 'double' 轉換為 'GLfloat'，是由較大的類型轉換為較小的類型，可能導致資料遺失
c:\users\mike\downloads\hw1_vs2017_framework\hw1_vs2017_framework\openglframework-vs2017\main.cpp(408): warning C4305: '-=': 從 'double' 轉換為 'float'，是由較大的類型轉換為較小的類型，可能導致資料遺失
c:\users\mike\downloads\hw1_vs2017_framework\hw1_vs2017_framework\openglframework-vs2017\main.cpp(414): warning C4305: '+=': 從 'double' 轉換為 'float'，是由較大的類型轉換為較小的類型，可能導致資料遺失
c:\users\mike\downloads\hw1_vs2017_framework\hw1_vs2017_framework\openglframework-vs2017\main.cpp(420): warning C4305: '+=': 從 'double' 轉換為 'float'，是由較大的類型轉換為較小的類型，可能導致資料遺失
c:\users\mike\downloads\hw1_vs2017_framework\hw1_vs2017_framework\openglframework-vs2017\main.cpp(426): warning C4305: '+=': 從 'double' 轉換為 'float'，是由較大的類型轉換為較小的類型，可能導致資料遺失
c:\users\mike\downloads\hw1_vs2017_framework\hw1_vs2017_framework\openglframework-vs2017\main.cpp(430): warning C4305: '+=': 從 'double' 轉換為 'float'，是由較大的類型轉換為較小的類型，可能導致資料遺失
c:\users\mike\downloads\hw1_vs2017_framework\hw1_vs2017_framework\openglframework-vs2017\main.cpp(434): warning C4305: '+=': 從 'double' 轉換為 'float'，是由較大的類型轉換為較小的類型，可能導致資料遺失
c:\users\mike\downloads\hw1_vs2017_framework\hw1_vs2017_framework\openglframework-vs2017\main.cpp(441): warning C4305: '+=': 從 'double' 轉換為 'float'，是由較大的類型轉換為較小的類型，可能導致資料遺失
c:\users\mike\downloads\hw1_vs2017_framework\hw1_vs2017_framework\openglframework-vs2017\main.cpp(447): warning C4305: '-=': 從 'double' 轉換為 'float'，是由較大的類型轉換為較小的類型，可能導致資料遺失
c:\users\mike\downloads\hw1_vs2017_framework\hw1_vs2017_framework\openglframework-vs2017\main.cpp(453): warning C4305: '-=': 從 'double' 轉換為 'float'，是由較大的類型轉換為較小的類型，可能導致資料遺失
c:\users\mike\downloads\hw1_vs2017_framework\hw1_vs2017_framework\openglframework-vs2017\main.cpp(459): warning C4305: '-=': 從 'double' 轉換為 'float'，是由較大的類型轉換為較小的類型，可能導致資料遺失
c:\users\mike\downloads\hw1_vs2017_framework\hw1_vs2017_framework\openglframework-vs2017\main.cpp(463): warning C4305: '-=': 從 'double' 轉換為 'float'，是由較大的類型轉換為較小的類型，可能導致資料遺失
c:\users\mike\downloads\hw1_vs2017_framework\hw1_vs2017_framework\openglframework-vs2017\main.cpp(467): warning C4305: '-=': 從 'double' 轉換為 'float'，是由較大的類型轉換為較小的類型，可能導致資料遺失
c:\users\mike\downloads\hw1_vs2017_framework\hw1_vs2017_framework\openglframework-vs2017\main.cpp(484): warning C4244: '=': 將 'double' 轉換為 'int'，由於類型不同，可能導致資料遺失
c:\users\mike\downloads\hw1_vs2017_framework\hw1_vs2017_framework\openglframework-vs2017\main.cpp(485): warning C4244: '=': 將 'double' 轉換為 'int'，由於類型不同，可能導致資料遺失
c:\users\mike\downloads\hw1_vs2017_framework\hw1_vs2017_framework\openglframework-vs2017\main.cpp(490): warning C4244: '=': 將 'double' 轉換為 'int'，由於類型不同，可能導致資料遺失
c:\users\mike\downloads\hw1_vs2017_framework\hw1_vs2017_framework\openglframework-vs2017\main.cpp(491): warning C4244: '=': 將 'double' 轉換為 'int'，由於類型不同，可能導致資料遺失
c:\users\mike\downloads\hw1_vs2017_framework\hw1_vs2017_framework\openglframework-vs2017\main.cpp(498): warning C4244: '=': 將 'double' 轉換為 'int'，由於類型不同，可能導致資料遺失
c:\users\mike\downloads\hw1_vs2017_framework\hw1_vs2017_framework\openglframework-vs2017\main.cpp(499): warning C4244: '=': 將 'double' 轉換為 'int'，由於類型不同，可能導致資料遺失
c:\users\mike\downloads\hw1_vs2017_framework\hw1_vs2017_framework\openglframework-vs2017\main.cpp(500): warning C4244: '=': 將 'double' 轉換為 'int'，由於類型不同，可能導致資料遺失
c:\users\mike\downloads\hw1_vs2017_framework\hw1_vs2017_framework\openglframework-vs2017\main.cpp(501): warning C4244: '=': 將 'double' 轉換為 'int'，由於類型不同，可能導致資料遺失
c:\users\mike\downloads\hw1_vs2017_framework\hw1_vs2017_framework\openglframework-vs2017\main.cpp(510): warning C4244: '+=': 將 'double' 轉換為 'float'，由於類型不同，可能導致資料遺失
c:\users\mike\downloads\hw1_vs2017_framework\hw1_vs2017_framework\openglframework-vs2017\main.cpp(511): warning C4244: '+=': 將 'double' 轉換為 'float'，由於類型不同，可能導致資料遺失
c:\users\mike\downloads\hw1_vs2017_framework\hw1_vs2017_framework\openglframework-vs2017\main.cpp(517): warning C4244: '+=': 將 'double' 轉換為 'float'，由於類型不同，可能導致資料遺失
c:\users\mike\downloads\hw1_vs2017_framework\hw1_vs2017_framework\openglframework-vs2017\main.cpp(518): warning C4244: '+=': 將 'double' 轉換為 'float'，由於類型不同，可能導致資料遺失
c:\users\mike\downloads\hw1_vs2017_framework\hw1_vs2017_framework\openglframework-vs2017\main.cpp(524): warning C4244: '+=': 將 'double' 轉換為 'float'，由於類型不同，可能導致資料遺失
c:\users\mike\downloads\hw1_vs2017_framework\hw1_vs2017_framework\openglframework-vs2017\main.cpp(525): warning C4244: '+=': 將 'double' 轉換為 'float'，由於類型不同，可能導致資料遺失
c:\users\mike\downloads\hw1_vs2017_framework\hw1_vs2017_framework\openglframework-vs2017\main.cpp(531): warning C4244: '+=': 將 'double' 轉換為 'float'，由於類型不同，可能導致資料遺失
c:\users\mike\downloads\hw1_vs2017_framework\hw1_vs2017_framework\openglframework-vs2017\main.cpp(532): warning C4244: '-=': 將 'double' 轉換為 'float'，由於類型不同，可能導致資料遺失
c:\users\mike\downloads\hw1_vs2017_framework\hw1_vs2017_framework\openglframework-vs2017\main.cpp(536): warning C4244: '+=': 將 'double' 轉換為 'float'，由於類型不同，可能導致資料遺失
c:\users\mike\downloads\hw1_vs2017_framework\hw1_vs2017_framework\openglframework-vs2017\main.cpp(537): warning C4244: '+=': 將 'double' 轉換為 'float'，由於類型不同，可能導致資料遺失
c:\users\mike\downloads\hw1_vs2017_framework\hw1_vs2017_framework\openglframework-vs2017\main.cpp(541): warning C4244: '+=': 將 'double' 轉換為 'float'，由於類型不同，可能導致資料遺失
c:\users\mike\downloads\hw1_vs2017_framework\hw1_vs2017_framework\openglframework-vs2017\main.cpp(542): warning C4244: '+=': 將 'double' 轉換為 'float'，由於類型不同，可能導致資料遺失
c:\users\mike\downloads\hw1_vs2017_framework\hw1_vs2017_framework\openglframework-vs2017\main.cpp(759): warning C4477: 'printf' : 格式字串 '%d' 需要 'int' 類型的引數，但 variadic 引數 1 的類型為 'unsigned __int64'
  c:\users\mike\downloads\hw1_vs2017_framework\hw1_vs2017_framework\openglframework-vs2017\main.cpp(759): note: 請考慮在格式字串中使用 '%zd'
c:\users\mike\downloads\hw1_vs2017_framework\hw1_vs2017_framework\openglframework-vs2017\main.cpp(759): warning C4477: 'printf' : 格式字串 '%d' 需要 'int' 類型的引數，但 variadic 引數 2 的類型為 'unsigned __int64'
  c:\users\mike\downloads\hw1_vs2017_framework\hw1_vs2017_framework\openglframework-vs2017\main.cpp(759): note: 請考慮在格式字串中使用 '%zd'
c:\users\mike\downloads\hw1_vs2017_framework\hw1_vs2017_framework\openglframework-vs2017\main.cpp(771): warning C4267: '=': 將 'size_t' 轉換為 'int'，資料可能遺失
c:\users\mike\downloads\hw1_vs2017_framework\hw1_vs2017_framework\openglframework-vs2017\main.cpp(797): warning C4305: '=': 從 'double' 轉換為 'GLfloat'，是由較大的類型轉換為較小的類型，可能導致資料遺失
c:\users\mike\downloads\hw1_vs2017_framework\hw1_vs2017_framework\openglframework-vs2017\main.cpp(817): warning C4305: '引數': 從 'double' 轉換為 'GLfloat'，是由較大的類型轉換為較小的類型，可能導致資料遺失
LINK : warning LNK4098: 預設的程式庫 'MSVCRT' 與其他使用的程式庫衝突，請使用 /NODEFAULTLIB:library
  OpenGLFramework-VS2017.vcxproj -> C:\Users\mike\Downloads\HW1_VS2017_Framework\HW1_VS2017_Framework\x64\Debug\OpenGLFramework-VS2017.exe
