  glad.c
  main.cpp
c:\users\mike\downloads\hw3_vs2017_framework\openglframework-vs2017\main.cpp(333): warning C4244: '引數': 將 'double' 轉換為 'float'，由於類型不同，可能導致資料遺失
c:\users\mike\downloads\hw3_vs2017_framework\openglframework-vs2017\main.cpp(437): warning C4267: '=': 將 'size_t' 轉換為 'int'，資料可能遺失
c:\users\mike\downloads\hw3_vs2017_framework\openglframework-vs2017\main.cpp(529): warning C4244: '-=': 將 'double' 轉換為 'float'，由於類型不同，可能導致資料遺失
c:\users\mike\downloads\hw3_vs2017_framework\openglframework-vs2017\main.cpp(534): warning C4244: '+=': 將 'double' 轉換為 'float'，由於類型不同，可能導致資料遺失
c:\users\mike\downloads\hw3_vs2017_framework\openglframework-vs2017\main.cpp(539): warning C4244: '+=': 將 'double' 轉換為 'float'，由於類型不同，可能導致資料遺失
c:\users\mike\downloads\hw3_vs2017_framework\openglframework-vs2017\main.cpp(544): warning C4244: '+=': 將 'double' 轉換為 'float'，由於類型不同，可能導致資料遺失
c:\users\mike\downloads\hw3_vs2017_framework\openglframework-vs2017\main.cpp(547): warning C4244: '+=': 將 'double' 轉換為 'float'，由於類型不同，可能導致資料遺失
c:\users\mike\downloads\hw3_vs2017_framework\openglframework-vs2017\main.cpp(550): warning C4244: '+=': 將 'double' 轉換為 'float'，由於類型不同，可能導致資料遺失
c:\users\mike\downloads\hw3_vs2017_framework\openglframework-vs2017\main.cpp(557): warning C4305: '+=': 從 'double' 轉換為 'float'，是由較大的類型轉換為較小的類型，可能導致資料遺失
c:\users\mike\downloads\hw3_vs2017_framework\openglframework-vs2017\main.cpp(558): warning C4305: '+=': 從 'double' 轉換為 'float'，是由較大的類型轉換為較小的類型，可能導致資料遺失
c:\users\mike\downloads\hw3_vs2017_framework\openglframework-vs2017\main.cpp(559): warning C4305: '+=': 從 'double' 轉換為 'float'，是由較大的類型轉換為較小的類型，可能導致資料遺失
c:\users\mike\downloads\hw3_vs2017_framework\openglframework-vs2017\main.cpp(563): warning C4305: '+=': 從 'double' 轉換為 'float'，是由較大的類型轉換為較小的類型，可能導致資料遺失
c:\users\mike\downloads\hw3_vs2017_framework\openglframework-vs2017\main.cpp(564): warning C4305: '+=': 從 'double' 轉換為 'float'，是由較大的類型轉換為較小的類型，可能導致資料遺失
c:\users\mike\downloads\hw3_vs2017_framework\openglframework-vs2017\main.cpp(565): warning C4305: '+=': 從 'double' 轉換為 'float'，是由較大的類型轉換為較小的類型，可能導致資料遺失
c:\users\mike\downloads\hw3_vs2017_framework\openglframework-vs2017\main.cpp(569): warning C4305: '+=': 從 'double' 轉換為 'float'，是由較大的類型轉換為較小的類型，可能導致資料遺失
c:\users\mike\downloads\hw3_vs2017_framework\openglframework-vs2017\main.cpp(576): warning C4305: '-=': 從 'double' 轉換為 'float'，是由較大的類型轉換為較小的類型，可能導致資料遺失
c:\users\mike\downloads\hw3_vs2017_framework\openglframework-vs2017\main.cpp(577): warning C4305: '-=': 從 'double' 轉換為 'float'，是由較大的類型轉換為較小的類型，可能導致資料遺失
c:\users\mike\downloads\hw3_vs2017_framework\openglframework-vs2017\main.cpp(578): warning C4305: '-=': 從 'double' 轉換為 'float'，是由較大的類型轉換為較小的類型，可能導致資料遺失
c:\users\mike\downloads\hw3_vs2017_framework\openglframework-vs2017\main.cpp(582): warning C4305: '-=': 從 'double' 轉換為 'float'，是由較大的類型轉換為較小的類型，可能導致資料遺失
c:\users\mike\downloads\hw3_vs2017_framework\openglframework-vs2017\main.cpp(583): warning C4305: '-=': 從 'double' 轉換為 'float'，是由較大的類型轉換為較小的類型，可能導致資料遺失
c:\users\mike\downloads\hw3_vs2017_framework\openglframework-vs2017\main.cpp(584): warning C4305: '-=': 從 'double' 轉換為 'float'，是由較大的類型轉換為較小的類型，可能導致資料遺失
c:\users\mike\downloads\hw3_vs2017_framework\openglframework-vs2017\main.cpp(588): warning C4305: '-=': 從 'double' 轉換為 'float'，是由較大的類型轉換為較小的類型，可能導致資料遺失
c:\users\mike\downloads\hw3_vs2017_framework\openglframework-vs2017\main.cpp(629): warning C4244: '正在初始化': 將 'int' 轉換為 'float'，由於類型不同，可能導致資料遺失
c:\users\mike\downloads\hw3_vs2017_framework\openglframework-vs2017\main.cpp(630): warning C4244: '正在初始化': 將 'int' 轉換為 'float'，由於類型不同，可能導致資料遺失
c:\users\mike\downloads\hw3_vs2017_framework\openglframework-vs2017\main.cpp(636): warning C4244: '+=': 將 'double' 轉換為 'float'，由於類型不同，可能導致資料遺失
c:\users\mike\downloads\hw3_vs2017_framework\openglframework-vs2017\main.cpp(637): warning C4244: '+=': 將 'double' 轉換為 'float'，由於類型不同，可能導致資料遺失
c:\users\mike\downloads\hw3_vs2017_framework\openglframework-vs2017\main.cpp(642): warning C4244: '+=': 將 'double' 轉換為 'float'，由於類型不同，可能導致資料遺失
c:\users\mike\downloads\hw3_vs2017_framework\openglframework-vs2017\main.cpp(643): warning C4244: '-=': 將 'double' 轉換為 'float'，由於類型不同，可能導致資料遺失
c:\users\mike\downloads\hw3_vs2017_framework\openglframework-vs2017\main.cpp(648): warning C4244: '+=': 將 'double' 轉換為 'float'，由於類型不同，可能導致資料遺失
c:\users\mike\downloads\hw3_vs2017_framework\openglframework-vs2017\main.cpp(649): warning C4244: '+=': 將 'double' 轉換為 'float'，由於類型不同，可能導致資料遺失
c:\users\mike\downloads\hw3_vs2017_framework\openglframework-vs2017\main.cpp(654): warning C4244: '+=': 將 'double' 轉換為 'float'，由於類型不同，可能導致資料遺失
c:\users\mike\downloads\hw3_vs2017_framework\openglframework-vs2017\main.cpp(655): warning C4244: '+=': 將 'double' 轉換為 'float'，由於類型不同，可能導致資料遺失
c:\users\mike\downloads\hw3_vs2017_framework\openglframework-vs2017\main.cpp(658): warning C4244: '+=': 將 'double' 轉換為 'float'，由於類型不同，可能導致資料遺失
c:\users\mike\downloads\hw3_vs2017_framework\openglframework-vs2017\main.cpp(659): warning C4244: '+=': 將 'double' 轉換為 'float'，由於類型不同，可能導致資料遺失
c:\users\mike\downloads\hw3_vs2017_framework\openglframework-vs2017\main.cpp(662): warning C4244: '+=': 將 'double' 轉換為 'float'，由於類型不同，可能導致資料遺失
c:\users\mike\downloads\hw3_vs2017_framework\openglframework-vs2017\main.cpp(663): warning C4244: '+=': 將 'double' 轉換為 'float'，由於類型不同，可能導致資料遺失
c:\users\mike\downloads\hw3_vs2017_framework\openglframework-vs2017\main.cpp(666): warning C4244: '+=': 將 'double' 轉換為 'float'，由於類型不同，可能導致資料遺失
c:\users\mike\downloads\hw3_vs2017_framework\openglframework-vs2017\main.cpp(667): warning C4244: '-=': 將 'double' 轉換為 'float'，由於類型不同，可能導致資料遺失
c:\users\mike\downloads\hw3_vs2017_framework\openglframework-vs2017\main.cpp(668): warning C4244: '+=': 將 'double' 轉換為 'float'，由於類型不同，可能導致資料遺失
c:\users\mike\downloads\hw3_vs2017_framework\openglframework-vs2017\main.cpp(669): warning C4244: '-=': 將 'double' 轉換為 'float'，由於類型不同，可能導致資料遺失
c:\users\mike\downloads\hw3_vs2017_framework\openglframework-vs2017\main.cpp(670): warning C4244: '+=': 將 'double' 轉換為 'float'，由於類型不同，可能導致資料遺失
c:\users\mike\downloads\hw3_vs2017_framework\openglframework-vs2017\main.cpp(671): warning C4244: '-=': 將 'double' 轉換為 'float'，由於類型不同，可能導致資料遺失
c:\users\mike\downloads\hw3_vs2017_framework\openglframework-vs2017\main.cpp(946): warning C4267: '=': 將 'size_t' 轉換為 'int'，資料可能遺失
c:\users\mike\downloads\hw3_vs2017_framework\openglframework-vs2017\main.cpp(1012): warning C4477: 'printf' : 格式字串 '%d' 需要 'int' 類型的引數，但 variadic 引數 1 的類型為 'unsigned __int64'
  c:\users\mike\downloads\hw3_vs2017_framework\openglframework-vs2017\main.cpp(1012): note: 請考慮在格式字串中使用 '%zd'
c:\users\mike\downloads\hw3_vs2017_framework\openglframework-vs2017\main.cpp(1012): warning C4477: 'printf' : 格式字串 '%d' 需要 'int' 類型的引數，但 variadic 引數 2 的類型為 'unsigned __int64'
  c:\users\mike\downloads\hw3_vs2017_framework\openglframework-vs2017\main.cpp(1012): note: 請考慮在格式字串中使用 '%zd'
c:\users\mike\downloads\hw3_vs2017_framework\openglframework-vs2017\main.cpp(1062): warning C4305: '=': 從 'double' 轉換為 'GLfloat'，是由較大的類型轉換為較小的類型，可能導致資料遺失
c:\users\mike\downloads\hw3_vs2017_framework\openglframework-vs2017\main.cpp(1121): warning C4305: '=': 從 'double' 轉換為 'float'，是由較大的類型轉換為較小的類型，可能導致資料遺失
c:\users\mike\downloads\hw3_vs2017_framework\openglframework-vs2017\main.cpp(1146): warning C4305: '引數': 從 'double' 轉換為 'GLfloat'，是由較大的類型轉換為較小的類型，可能導致資料遺失
  textfile.cpp
c:\users\mike\downloads\hw3_vs2017_framework\openglframework-vs2017\textfile.cpp(23): warning C4267: '=': 將 'size_t' 轉換為 'int'，資料可能遺失
  正在產生程式碼...
LINK : warning LNK4098: 預設的程式庫 'MSVCRT' 與其他使用的程式庫衝突，請使用 /NODEFAULTLIB:library
  OpenGLFramework-VS2017.vcxproj -> C:\Users\mike\Downloads\HW3_VS2017_Framework\x64\Debug\OpenGLFramework-VS2017.exe
