  glad.c
  main.cpp
c:\users\mike\downloads\hw2_vs2017_framework\hw2_vs2017_framework\openglframework-vs2017\main.cpp(298): warning C4244: '引數': 將 'double' 轉換為 'float'，由於類型不同，可能導致資料遺失
c:\users\mike\downloads\hw2_vs2017_framework\hw2_vs2017_framework\openglframework-vs2017\main.cpp(297): warning C4244: '引數': 將 'double' 轉換為 'float'，由於類型不同，可能導致資料遺失
c:\users\mike\downloads\hw2_vs2017_framework\hw2_vs2017_framework\openglframework-vs2017\main.cpp(296): warning C4244: '引數': 將 'double' 轉換為 'float'，由於類型不同，可能導致資料遺失
c:\users\mike\downloads\hw2_vs2017_framework\hw2_vs2017_framework\openglframework-vs2017\main.cpp(312): warning C4244: '引數': 將 'double' 轉換為 'float'，由於類型不同，可能導致資料遺失
c:\users\mike\downloads\hw2_vs2017_framework\hw2_vs2017_framework\openglframework-vs2017\main.cpp(326): warning C4244: '=': 將 'int' 轉換為 'GLfloat'，由於類型不同，可能導致資料遺失
c:\users\mike\downloads\hw2_vs2017_framework\hw2_vs2017_framework\openglframework-vs2017\main.cpp(362): warning C4244: '引數': 將 'float' 轉換為 'GLsizei'，由於類型不同，可能導致資料遺失
c:\users\mike\downloads\hw2_vs2017_framework\hw2_vs2017_framework\openglframework-vs2017\main.cpp(371): warning C4244: '引數': 將 'float' 轉換為 'GLsizei'，由於類型不同，可能導致資料遺失
c:\users\mike\downloads\hw2_vs2017_framework\hw2_vs2017_framework\openglframework-vs2017\main.cpp(371): warning C4244: '引數': 將 'float' 轉換為 'GLint'，由於類型不同，可能導致資料遺失
c:\users\mike\downloads\hw2_vs2017_framework\hw2_vs2017_framework\openglframework-vs2017\main.cpp(464): warning C4305: '-=': 從 'double' 轉換為 'float'，是由較大的類型轉換為較小的類型，可能導致資料遺失
c:\users\mike\downloads\hw2_vs2017_framework\hw2_vs2017_framework\openglframework-vs2017\main.cpp(470): warning C4305: '+=': 從 'double' 轉換為 'float'，是由較大的類型轉換為較小的類型，可能導致資料遺失
c:\users\mike\downloads\hw2_vs2017_framework\hw2_vs2017_framework\openglframework-vs2017\main.cpp(476): warning C4305: '+=': 從 'double' 轉換為 'float'，是由較大的類型轉換為較小的類型，可能導致資料遺失
c:\users\mike\downloads\hw2_vs2017_framework\hw2_vs2017_framework\openglframework-vs2017\main.cpp(482): warning C4305: '+=': 從 'double' 轉換為 'float'，是由較大的類型轉換為較小的類型，可能導致資料遺失
c:\users\mike\downloads\hw2_vs2017_framework\hw2_vs2017_framework\openglframework-vs2017\main.cpp(486): warning C4305: '+=': 從 'double' 轉換為 'float'，是由較大的類型轉換為較小的類型，可能導致資料遺失
c:\users\mike\downloads\hw2_vs2017_framework\hw2_vs2017_framework\openglframework-vs2017\main.cpp(490): warning C4305: '+=': 從 'double' 轉換為 'float'，是由較大的類型轉換為較小的類型，可能導致資料遺失
c:\users\mike\downloads\hw2_vs2017_framework\hw2_vs2017_framework\openglframework-vs2017\main.cpp(496): warning C4305: '+=': 從 'double' 轉換為 'float'，是由較大的類型轉換為較小的類型，可能導致資料遺失
c:\users\mike\downloads\hw2_vs2017_framework\hw2_vs2017_framework\openglframework-vs2017\main.cpp(497): warning C4305: '+=': 從 'double' 轉換為 'float'，是由較大的類型轉換為較小的類型，可能導致資料遺失
c:\users\mike\downloads\hw2_vs2017_framework\hw2_vs2017_framework\openglframework-vs2017\main.cpp(498): warning C4305: '+=': 從 'double' 轉換為 'float'，是由較大的類型轉換為較小的類型，可能導致資料遺失
c:\users\mike\downloads\hw2_vs2017_framework\hw2_vs2017_framework\openglframework-vs2017\main.cpp(502): warning C4305: '+=': 從 'double' 轉換為 'float'，是由較大的類型轉換為較小的類型，可能導致資料遺失
c:\users\mike\downloads\hw2_vs2017_framework\hw2_vs2017_framework\openglframework-vs2017\main.cpp(503): warning C4305: '+=': 從 'double' 轉換為 'float'，是由較大的類型轉換為較小的類型，可能導致資料遺失
c:\users\mike\downloads\hw2_vs2017_framework\hw2_vs2017_framework\openglframework-vs2017\main.cpp(504): warning C4305: '+=': 從 'double' 轉換為 'float'，是由較大的類型轉換為較小的類型，可能導致資料遺失
c:\users\mike\downloads\hw2_vs2017_framework\hw2_vs2017_framework\openglframework-vs2017\main.cpp(508): warning C4305: '+=': 從 'double' 轉換為 'float'，是由較大的類型轉換為較小的類型，可能導致資料遺失
c:\users\mike\downloads\hw2_vs2017_framework\hw2_vs2017_framework\openglframework-vs2017\main.cpp(522): warning C4305: '+=': 從 'double' 轉換為 'float'，是由較大的類型轉換為較小的類型，可能導致資料遺失
c:\users\mike\downloads\hw2_vs2017_framework\hw2_vs2017_framework\openglframework-vs2017\main.cpp(528): warning C4305: '-=': 從 'double' 轉換為 'float'，是由較大的類型轉換為較小的類型，可能導致資料遺失
c:\users\mike\downloads\hw2_vs2017_framework\hw2_vs2017_framework\openglframework-vs2017\main.cpp(534): warning C4305: '-=': 從 'double' 轉換為 'float'，是由較大的類型轉換為較小的類型，可能導致資料遺失
c:\users\mike\downloads\hw2_vs2017_framework\hw2_vs2017_framework\openglframework-vs2017\main.cpp(540): warning C4305: '-=': 從 'double' 轉換為 'float'，是由較大的類型轉換為較小的類型，可能導致資料遺失
c:\users\mike\downloads\hw2_vs2017_framework\hw2_vs2017_framework\openglframework-vs2017\main.cpp(544): warning C4305: '-=': 從 'double' 轉換為 'float'，是由較大的類型轉換為較小的類型，可能導致資料遺失
c:\users\mike\downloads\hw2_vs2017_framework\hw2_vs2017_framework\openglframework-vs2017\main.cpp(548): warning C4305: '-=': 從 'double' 轉換為 'float'，是由較大的類型轉換為較小的類型，可能導致資料遺失
c:\users\mike\downloads\hw2_vs2017_framework\hw2_vs2017_framework\openglframework-vs2017\main.cpp(554): warning C4305: '-=': 從 'double' 轉換為 'float'，是由較大的類型轉換為較小的類型，可能導致資料遺失
c:\users\mike\downloads\hw2_vs2017_framework\hw2_vs2017_framework\openglframework-vs2017\main.cpp(555): warning C4305: '-=': 從 'double' 轉換為 'float'，是由較大的類型轉換為較小的類型，可能導致資料遺失
c:\users\mike\downloads\hw2_vs2017_framework\hw2_vs2017_framework\openglframework-vs2017\main.cpp(556): warning C4305: '-=': 從 'double' 轉換為 'float'，是由較大的類型轉換為較小的類型，可能導致資料遺失
c:\users\mike\downloads\hw2_vs2017_framework\hw2_vs2017_framework\openglframework-vs2017\main.cpp(560): warning C4305: '-=': 從 'double' 轉換為 'float'，是由較大的類型轉換為較小的類型，可能導致資料遺失
c:\users\mike\downloads\hw2_vs2017_framework\hw2_vs2017_framework\openglframework-vs2017\main.cpp(561): warning C4305: '-=': 從 'double' 轉換為 'float'，是由較大的類型轉換為較小的類型，可能導致資料遺失
c:\users\mike\downloads\hw2_vs2017_framework\hw2_vs2017_framework\openglframework-vs2017\main.cpp(562): warning C4305: '-=': 從 'double' 轉換為 'float'，是由較大的類型轉換為較小的類型，可能導致資料遺失
c:\users\mike\downloads\hw2_vs2017_framework\hw2_vs2017_framework\openglframework-vs2017\main.cpp(566): warning C4305: '-=': 從 'double' 轉換為 'float'，是由較大的類型轉換為較小的類型，可能導致資料遺失
c:\users\mike\downloads\hw2_vs2017_framework\hw2_vs2017_framework\openglframework-vs2017\main.cpp(589): warning C4244: '=': 將 'double' 轉換為 'int'，由於類型不同，可能導致資料遺失
c:\users\mike\downloads\hw2_vs2017_framework\hw2_vs2017_framework\openglframework-vs2017\main.cpp(590): warning C4244: '=': 將 'double' 轉換為 'int'，由於類型不同，可能導致資料遺失
c:\users\mike\downloads\hw2_vs2017_framework\hw2_vs2017_framework\openglframework-vs2017\main.cpp(595): warning C4244: '=': 將 'double' 轉換為 'int'，由於類型不同，可能導致資料遺失
c:\users\mike\downloads\hw2_vs2017_framework\hw2_vs2017_framework\openglframework-vs2017\main.cpp(596): warning C4244: '=': 將 'double' 轉換為 'int'，由於類型不同，可能導致資料遺失
c:\users\mike\downloads\hw2_vs2017_framework\hw2_vs2017_framework\openglframework-vs2017\main.cpp(603): warning C4244: '=': 將 'double' 轉換為 'int'，由於類型不同，可能導致資料遺失
c:\users\mike\downloads\hw2_vs2017_framework\hw2_vs2017_framework\openglframework-vs2017\main.cpp(604): warning C4244: '=': 將 'double' 轉換為 'int'，由於類型不同，可能導致資料遺失
c:\users\mike\downloads\hw2_vs2017_framework\hw2_vs2017_framework\openglframework-vs2017\main.cpp(605): warning C4244: '=': 將 'double' 轉換為 'int'，由於類型不同，可能導致資料遺失
c:\users\mike\downloads\hw2_vs2017_framework\hw2_vs2017_framework\openglframework-vs2017\main.cpp(606): warning C4244: '=': 將 'double' 轉換為 'int'，由於類型不同，可能導致資料遺失
c:\users\mike\downloads\hw2_vs2017_framework\hw2_vs2017_framework\openglframework-vs2017\main.cpp(615): warning C4244: '+=': 將 'double' 轉換為 'float'，由於類型不同，可能導致資料遺失
c:\users\mike\downloads\hw2_vs2017_framework\hw2_vs2017_framework\openglframework-vs2017\main.cpp(616): warning C4244: '+=': 將 'double' 轉換為 'float'，由於類型不同，可能導致資料遺失
c:\users\mike\downloads\hw2_vs2017_framework\hw2_vs2017_framework\openglframework-vs2017\main.cpp(622): warning C4244: '+=': 將 'double' 轉換為 'float'，由於類型不同，可能導致資料遺失
c:\users\mike\downloads\hw2_vs2017_framework\hw2_vs2017_framework\openglframework-vs2017\main.cpp(623): warning C4244: '+=': 將 'double' 轉換為 'float'，由於類型不同，可能導致資料遺失
c:\users\mike\downloads\hw2_vs2017_framework\hw2_vs2017_framework\openglframework-vs2017\main.cpp(629): warning C4244: '+=': 將 'double' 轉換為 'float'，由於類型不同，可能導致資料遺失
c:\users\mike\downloads\hw2_vs2017_framework\hw2_vs2017_framework\openglframework-vs2017\main.cpp(630): warning C4244: '+=': 將 'double' 轉換為 'float'，由於類型不同，可能導致資料遺失
c:\users\mike\downloads\hw2_vs2017_framework\hw2_vs2017_framework\openglframework-vs2017\main.cpp(636): warning C4244: '+=': 將 'double' 轉換為 'float'，由於類型不同，可能導致資料遺失
c:\users\mike\downloads\hw2_vs2017_framework\hw2_vs2017_framework\openglframework-vs2017\main.cpp(637): warning C4244: '-=': 將 'double' 轉換為 'float'，由於類型不同，可能導致資料遺失
c:\users\mike\downloads\hw2_vs2017_framework\hw2_vs2017_framework\openglframework-vs2017\main.cpp(641): warning C4244: '+=': 將 'double' 轉換為 'float'，由於類型不同，可能導致資料遺失
c:\users\mike\downloads\hw2_vs2017_framework\hw2_vs2017_framework\openglframework-vs2017\main.cpp(642): warning C4244: '+=': 將 'double' 轉換為 'float'，由於類型不同，可能導致資料遺失
c:\users\mike\downloads\hw2_vs2017_framework\hw2_vs2017_framework\openglframework-vs2017\main.cpp(646): warning C4244: '+=': 將 'double' 轉換為 'float'，由於類型不同，可能導致資料遺失
c:\users\mike\downloads\hw2_vs2017_framework\hw2_vs2017_framework\openglframework-vs2017\main.cpp(647): warning C4244: '+=': 將 'double' 轉換為 'float'，由於類型不同，可能導致資料遺失
c:\users\mike\downloads\hw2_vs2017_framework\hw2_vs2017_framework\openglframework-vs2017\main.cpp(651): warning C4244: '+=': 將 'double' 轉換為 'float'，由於類型不同，可能導致資料遺失
c:\users\mike\downloads\hw2_vs2017_framework\hw2_vs2017_framework\openglframework-vs2017\main.cpp(652): warning C4244: '-=': 將 'double' 轉換為 'float'，由於類型不同，可能導致資料遺失
c:\users\mike\downloads\hw2_vs2017_framework\hw2_vs2017_framework\openglframework-vs2017\main.cpp(653): warning C4244: '+=': 將 'double' 轉換為 'float'，由於類型不同，可能導致資料遺失
c:\users\mike\downloads\hw2_vs2017_framework\hw2_vs2017_framework\openglframework-vs2017\main.cpp(654): warning C4244: '-=': 將 'double' 轉換為 'float'，由於類型不同，可能導致資料遺失
c:\users\mike\downloads\hw2_vs2017_framework\hw2_vs2017_framework\openglframework-vs2017\main.cpp(655): warning C4244: '+=': 將 'double' 轉換為 'float'，由於類型不同，可能導致資料遺失
c:\users\mike\downloads\hw2_vs2017_framework\hw2_vs2017_framework\openglframework-vs2017\main.cpp(656): warning C4244: '-=': 將 'double' 轉換為 'float'，由於類型不同，可能導致資料遺失
c:\users\mike\downloads\hw2_vs2017_framework\hw2_vs2017_framework\openglframework-vs2017\main.cpp(892): warning C4477: 'printf' : 格式字串 '%d' 需要 'int' 類型的引數，但 variadic 引數 1 的類型為 'unsigned __int64'
  c:\users\mike\downloads\hw2_vs2017_framework\hw2_vs2017_framework\openglframework-vs2017\main.cpp(892): note: 請考慮在格式字串中使用 '%zd'
c:\users\mike\downloads\hw2_vs2017_framework\hw2_vs2017_framework\openglframework-vs2017\main.cpp(892): warning C4477: 'printf' : 格式字串 '%d' 需要 'int' 類型的引數，但 variadic 引數 2 的類型為 'unsigned __int64'
  c:\users\mike\downloads\hw2_vs2017_framework\hw2_vs2017_framework\openglframework-vs2017\main.cpp(892): note: 請考慮在格式字串中使用 '%zd'
c:\users\mike\downloads\hw2_vs2017_framework\hw2_vs2017_framework\openglframework-vs2017\main.cpp(922): warning C4267: '=': 將 'size_t' 轉換為 'int'，資料可能遺失
c:\users\mike\downloads\hw2_vs2017_framework\hw2_vs2017_framework\openglframework-vs2017\main.cpp(954): warning C4305: '=': 從 'double' 轉換為 'GLfloat'，是由較大的類型轉換為較小的類型，可能導致資料遺失
c:\users\mike\downloads\hw2_vs2017_framework\hw2_vs2017_framework\openglframework-vs2017\main.cpp(1013): warning C4305: '=': 從 'double' 轉換為 'float'，是由較大的類型轉換為較小的類型，可能導致資料遺失
c:\users\mike\downloads\hw2_vs2017_framework\hw2_vs2017_framework\openglframework-vs2017\main.cpp(1026): warning C4305: '引數': 從 'double' 轉換為 'GLfloat'，是由較大的類型轉換為較小的類型，可能導致資料遺失
LINK : warning LNK4098: 預設的程式庫 'MSVCRT' 與其他使用的程式庫衝突，請使用 /NODEFAULTLIB:library
  OpenGLFramework-VS2017.vcxproj -> C:\Users\mike\Downloads\HW2_VS2017_Framework\HW2_VS2017_Framework\x64\Debug\OpenGLFramework-VS2017.exe
